{
  "stats": {
    "suites": 1,
    "tests": 2,
    "passes": 1,
    "pending": 0,
    "failures": 1,
    "start": "2021-02-05T18:18:19.477Z",
    "end": "2021-02-05T18:18:36.360Z",
    "duration": 16883,
    "testsRegistered": 2,
    "passPercent": 50,
    "pendingPercent": 0,
    "other": 0,
    "hasOther": false,
    "skipped": 0,
    "hasSkipped": false
  },
  "results": [
    {
      "uuid": "67ce255c-5656-417f-82db-caef6de9e91a",
      "title": "",
      "fullFile": "cypress/integration/BDD/Ecome.feature",
      "file": "cypress/integration/BDD/Ecome.feature",
      "beforeHooks": [],
      "afterHooks": [],
      "tests": [],
      "suites": [
        {
          "uuid": "16d853cc-ebab-4865-9670-6013acda125e",
          "title": "E2E Ecommerce validation",
          "fullFile": "",
          "file": "",
          "beforeHooks": [],
          "afterHooks": [],
          "tests": [
            {
              "title": "Ecommerce products delivery",
              "fullTitle": "E2E Ecommerce validation Ecommerce products delivery",
              "timedOut": null,
              "duration": 10095,
              "state": "passed",
              "speed": "slow",
              "pass": true,
              "fail": false,
              "pending": false,
              "context": null,
              "code": "const state = window.testState;\nreturn cy\n  .then(() => state.onStartScenario(scenario, indexedSteps))\n  .then(() =>\n    resolveAndRunBeforeHooks.call(this, scenario.tags, state.feature.name)\n  )\n  .then(() =>\n    indexedSteps.forEach((step) =>\n      stepTest.call(this, state, step, rowData)\n    )\n  )\n  .then(() =>\n    resolveAndRunAfterHooks.call(this, scenario.tags, state.feature.name)\n  )\n  .then(() => state.onFinishScenario(scenario));",
              "err": {},
              "uuid": "e30e19d3-082b-4483-a4eb-eb1b5e1b3cb9",
              "parentUUID": "16d853cc-ebab-4865-9670-6013acda125e",
              "isHook": false,
              "skipped": false
            },
            {
              "title": "Fill the form details",
              "fullTitle": "E2E Ecommerce validation Fill the form details",
              "timedOut": null,
              "duration": 1490,
              "state": "failed",
              "speed": null,
              "pass": false,
              "fail": true,
              "pending": false,
              "context": null,
              "code": "const state = window.testState;\nreturn cy\n  .then(() => state.onStartScenario(scenario, indexedSteps))\n  .then(() =>\n    resolveAndRunBeforeHooks.call(this, scenario.tags, state.feature.name)\n  )\n  .then(() =>\n    indexedSteps.forEach((step) =>\n      stepTest.call(this, state, step, rowData)\n    )\n  )\n  .then(() =>\n    resolveAndRunAfterHooks.call(this, scenario.tags, state.feature.name)\n  )\n  .then(() => state.onFinishScenario(scenario));",
              "err": {
                "message": "TypeError: Cannot read property 'rawTable' of undefined",
                "estack": "TypeError: Cannot read property 'rawTable' of undefined\n    at Context.eval (https://www.rahulshettyacademy.com/__cypress/tests?p=cypress/integration/BDD/Ecome.feature:92:54)\n    at Context.resolveAndRunStepDefinition (https://www.rahulshettyacademy.com/__cypress/tests?p=cypress/integration/BDD/Ecome.feature:13802:9)\n    at Context.eval (https://www.rahulshettyacademy.com/__cypress/tests?p=cypress/integration/BDD/Ecome.feature:13143:35)",
                "diff": null
              },
              "uuid": "38aae7d6-be02-445d-a78b-9c9700138157",
              "parentUUID": "16d853cc-ebab-4865-9670-6013acda125e",
              "isHook": false,
              "skipped": false
            }
          ],
          "suites": [],
          "passes": [
            "e30e19d3-082b-4483-a4eb-eb1b5e1b3cb9"
          ],
          "failures": [
            "38aae7d6-be02-445d-a78b-9c9700138157"
          ],
          "pending": [],
          "skipped": [],
          "duration": 11585,
          "root": false,
          "rootEmpty": false,
          "_timeout": 2000
        }
      ],
      "passes": [],
      "failures": [],
      "pending": [],
      "skipped": [],
      "duration": 0,
      "root": true,
      "rootEmpty": true,
      "_timeout": 2000
    }
  ],
  "meta": {
    "mocha": {
      "version": "7.0.1"
    },
    "mochawesome": {
      "options": {
        "quiet": false,
        "reportFilename": "mochawesome",
        "saveHtml": true,
        "saveJson": true,
        "consoleReporter": "spec",
        "useInlineDiffs": false,
        "code": true
      },
      "version": "6.2.1"
    },
    "marge": {
      "options": null,
      "version": "5.1.0"
    }
  }
}